
*** Running vivado
    with args -log top_test.vds -m64 -product Vivado -mode batch -messageDb vivado.pb -notrace -source top_test.tcl



****** Vivado v2020.2 (64-bit)
  **** SW Build 3064766 on Wed Nov 18 09:12:45 MST 2020
  **** IP Build 3064653 on Wed Nov 18 14:17:31 MST 2020
    ** Copyright 1986-2020 Xilinx, Inc. All Rights Reserved.

source top_test.tcl -notrace
Command: synth_design -top top_test -part xc7a100tfgg484-2
Starting synth_design
Attempting to get a license for feature 'Synthesis' and/or device 'xc7a100t'
INFO: [Common 17-349] Got license for feature 'Synthesis' and/or device 'xc7a100t'
INFO: [Device 21-403] Loading part xc7a100tfgg484-2
INFO: [Synth 8-7079] Multithreading enabled for synth_design using a maximum of 2 processes.
INFO: [Synth 8-7078] Launching helper process for spawning children vivado processes
INFO: [Synth 8-7075] Helper process launched with PID 110796
---------------------------------------------------------------------------------
Starting RTL Elaboration : Time (s): cpu = 00:00:05 ; elapsed = 00:00:05 . Memory (MB): peak = 1155.469 ; gain = 16.742
---------------------------------------------------------------------------------
INFO: [Synth 8-6157] synthesizing module 'top_test' [D:/01-Codes/XilinxCode/Vernier_tdc/combine_fine_pwm_gen/src/top_test.v:8]
INFO: [Synth 8-6157] synthesizing module 'mmcm_50m_to_400m' [D:/01-Codes/XilinxCode/Vernier_tdc/combine_fine_pwm_gen/prj/combine_fine_pwm_gen.runs/synth_1/.Xil/Vivado-22080-lyne/realtime/mmcm_50m_to_400m_stub.v:5]
INFO: [Synth 8-6155] done synthesizing module 'mmcm_50m_to_400m' (1#1) [D:/01-Codes/XilinxCode/Vernier_tdc/combine_fine_pwm_gen/prj/combine_fine_pwm_gen.runs/synth_1/.Xil/Vivado-22080-lyne/realtime/mmcm_50m_to_400m_stub.v:5]
INFO: [Synth 8-6157] synthesizing module 'pwm_auto_cycle_scan' [D:/01-Codes/XilinxCode/Vernier_tdc/combine_fine_pwm_gen/src/correct_pwm_generator.v:5]
	Parameter STEP_RATE bound to: 16'b0000000000000000 
INFO: [Synth 8-6157] synthesizing module 'ODDR' [D:/Vivado/2020.2/scripts/rt/data/unisim_comp.v:49791]
	Parameter DDR_CLK_EDGE bound to: SAME_EDGE - type: string 
	Parameter INIT bound to: 1'b0 
	Parameter IS_C_INVERTED bound to: 1'b0 
	Parameter IS_D1_INVERTED bound to: 1'b0 
	Parameter IS_D2_INVERTED bound to: 1'b0 
	Parameter SRTYPE bound to: SYNC - type: string 
INFO: [Synth 8-6155] done synthesizing module 'ODDR' (2#1) [D:/Vivado/2020.2/scripts/rt/data/unisim_comp.v:49791]
INFO: [Synth 8-6155] done synthesizing module 'pwm_auto_cycle_scan' (3#1) [D:/01-Codes/XilinxCode/Vernier_tdc/combine_fine_pwm_gen/src/correct_pwm_generator.v:5]
INFO: [Synth 8-6157] synthesizing module 'fine_counter_carry4' [D:/01-Codes/XilinxCode/Vernier_tdc/combine_fine_pwm_gen/src/fine_counter_carry4.v:13]
	Parameter DELAY_STAGES bound to: 160 - type: integer 
	Parameter CARRY4_BLOCKS bound to: 40 - type: integer 
INFO: [Synth 8-6157] synthesizing module 'CARRY4' [D:/Vivado/2020.2/scripts/rt/data/unisim_comp.v:1487]
INFO: [Synth 8-6155] done synthesizing module 'CARRY4' (4#1) [D:/Vivado/2020.2/scripts/rt/data/unisim_comp.v:1487]
INFO: [Synth 8-6155] done synthesizing module 'fine_counter_carry4' (5#1) [D:/01-Codes/XilinxCode/Vernier_tdc/combine_fine_pwm_gen/src/fine_counter_carry4.v:13]
INFO: [Synth 8-6155] done synthesizing module 'top_test' (6#1) [D:/01-Codes/XilinxCode/Vernier_tdc/combine_fine_pwm_gen/src/top_test.v:8]
---------------------------------------------------------------------------------
Finished RTL Elaboration : Time (s): cpu = 00:00:07 ; elapsed = 00:00:07 . Memory (MB): peak = 1213.672 ; gain = 74.945
---------------------------------------------------------------------------------
---------------------------------------------------------------------------------
Start Handling Custom Attributes
---------------------------------------------------------------------------------
---------------------------------------------------------------------------------
Finished Handling Custom Attributes : Time (s): cpu = 00:00:07 ; elapsed = 00:00:07 . Memory (MB): peak = 1213.672 ; gain = 74.945
---------------------------------------------------------------------------------
---------------------------------------------------------------------------------
Finished RTL Optimization Phase 1 : Time (s): cpu = 00:00:07 ; elapsed = 00:00:07 . Memory (MB): peak = 1213.672 ; gain = 74.945
---------------------------------------------------------------------------------
Netlist sorting complete. Time (s): cpu = 00:00:00 ; elapsed = 00:00:00.011 . Memory (MB): peak = 1213.672 ; gain = 0.000
INFO: [Netlist 29-17] Analyzing 81 Unisim elements for replacement
INFO: [Netlist 29-28] Unisim Transformation completed in 0 CPU seconds
INFO: [Project 1-570] Preparing netlist for logic optimization

Processing XDC Constraints
Initializing timing engine
Parsing XDC File [d:/01-Codes/XilinxCode/Vernier_tdc/combine_fine_pwm_gen/prj/combine_fine_pwm_gen.gen/sources_1/ip/mmcm_50m_to_400m/mmcm_50m_to_400m/mmcm_50m_to_400m_in_context.xdc] for cell 'u_mmcm'
Finished Parsing XDC File [d:/01-Codes/XilinxCode/Vernier_tdc/combine_fine_pwm_gen/prj/combine_fine_pwm_gen.gen/sources_1/ip/mmcm_50m_to_400m/mmcm_50m_to_400m/mmcm_50m_to_400m_in_context.xdc] for cell 'u_mmcm'
Completed Processing XDC Constraints

Netlist sorting complete. Time (s): cpu = 00:00:00 ; elapsed = 00:00:00 . Memory (MB): peak = 1317.605 ; gain = 0.000
INFO: [Project 1-111] Unisim Transformation Summary:
No Unisim elements were transformed.

Constraint Validation Runtime : Time (s): cpu = 00:00:00 ; elapsed = 00:00:00.015 . Memory (MB): peak = 1317.605 ; gain = 0.000
---------------------------------------------------------------------------------
Finished Constraint Validation : Time (s): cpu = 00:00:13 ; elapsed = 00:00:13 . Memory (MB): peak = 1317.605 ; gain = 178.879
---------------------------------------------------------------------------------
---------------------------------------------------------------------------------
Start Loading Part and Timing Information
---------------------------------------------------------------------------------
Loading part: xc7a100tfgg484-2
---------------------------------------------------------------------------------
Finished Loading Part and Timing Information : Time (s): cpu = 00:00:13 ; elapsed = 00:00:14 . Memory (MB): peak = 1317.605 ; gain = 178.879
---------------------------------------------------------------------------------
---------------------------------------------------------------------------------
Start Applying 'set_property' XDC Constraints
---------------------------------------------------------------------------------
Applied set_property IO_BUFFER_TYPE = NONE for sys_clk. (constraint file  d:/01-Codes/XilinxCode/Vernier_tdc/combine_fine_pwm_gen/prj/combine_fine_pwm_gen.gen/sources_1/ip/mmcm_50m_to_400m/mmcm_50m_to_400m/mmcm_50m_to_400m_in_context.xdc, line 4).
Applied set_property CLOCK_BUFFER_TYPE = NONE for sys_clk. (constraint file  d:/01-Codes/XilinxCode/Vernier_tdc/combine_fine_pwm_gen/prj/combine_fine_pwm_gen.gen/sources_1/ip/mmcm_50m_to_400m/mmcm_50m_to_400m/mmcm_50m_to_400m_in_context.xdc, line 5).
Applied set_property KEEP_HIERARCHY = SOFT for u_mmcm. (constraint file  auto generated constraint).
---------------------------------------------------------------------------------
Finished applying 'set_property' XDC Constraints : Time (s): cpu = 00:00:13 ; elapsed = 00:00:14 . Memory (MB): peak = 1317.605 ; gain = 178.879
---------------------------------------------------------------------------------
---------------------------------------------------------------------------------
Finished RTL Optimization Phase 2 : Time (s): cpu = 00:00:13 ; elapsed = 00:00:14 . Memory (MB): peak = 1317.605 ; gain = 178.879
---------------------------------------------------------------------------------
---------------------------------------------------------------------------------
Start RTL Component Statistics 
---------------------------------------------------------------------------------
Detailed RTL Component Info : 
+---Adders : 
	   8 Input    8 Bit       Adders := 2     
	   2 Input    6 Bit       Adders := 1     
	   2 Input    5 Bit       Adders := 1     
	  20 Input    5 Bit       Adders := 16    
+---Registers : 
	              160 Bit    Registers := 2     
	                8 Bit    Registers := 2     
	                6 Bit    Registers := 1     
	                5 Bit    Registers := 17    
	                3 Bit    Registers := 2     
	                1 Bit    Registers := 7     
+---Muxes : 
	   2 Input    6 Bit        Muxes := 1     
	   2 Input    5 Bit        Muxes := 1     
	   2 Input    1 Bit        Muxes := 1     
---------------------------------------------------------------------------------
Finished RTL Component Statistics 
---------------------------------------------------------------------------------
---------------------------------------------------------------------------------
Start Part Resource Summary
---------------------------------------------------------------------------------
Part Resources:
DSPs: 240 (col length:80)
BRAMs: 270 (col length: RAMB18 80 RAMB36 40)
---------------------------------------------------------------------------------
Finished Part Resource Summary
---------------------------------------------------------------------------------
---------------------------------------------------------------------------------
Start Cross Boundary and Area Optimization
---------------------------------------------------------------------------------
---------------------------------------------------------------------------------
Finished Cross Boundary and Area Optimization : Time (s): cpu = 00:00:14 ; elapsed = 00:00:15 . Memory (MB): peak = 1317.605 ; gain = 178.879
---------------------------------------------------------------------------------
---------------------------------------------------------------------------------
Start Applying XDC Timing Constraints
---------------------------------------------------------------------------------
---------------------------------------------------------------------------------
Finished Applying XDC Timing Constraints : Time (s): cpu = 00:00:19 ; elapsed = 00:00:20 . Memory (MB): peak = 1317.605 ; gain = 178.879
---------------------------------------------------------------------------------
---------------------------------------------------------------------------------
Start Timing Optimization
---------------------------------------------------------------------------------
---------------------------------------------------------------------------------
Finished Timing Optimization : Time (s): cpu = 00:00:19 ; elapsed = 00:00:20 . Memory (MB): peak = 1318.945 ; gain = 180.219
---------------------------------------------------------------------------------
---------------------------------------------------------------------------------
Start Technology Mapping
---------------------------------------------------------------------------------
---------------------------------------------------------------------------------
Finished Technology Mapping : Time (s): cpu = 00:00:19 ; elapsed = 00:00:20 . Memory (MB): peak = 1319.715 ; gain = 180.988
---------------------------------------------------------------------------------
---------------------------------------------------------------------------------
Start IO Insertion
---------------------------------------------------------------------------------
---------------------------------------------------------------------------------
Start Flattening Before IO Insertion
---------------------------------------------------------------------------------
---------------------------------------------------------------------------------
Finished Flattening Before IO Insertion
---------------------------------------------------------------------------------
---------------------------------------------------------------------------------
Start Final Netlist Cleanup
---------------------------------------------------------------------------------
---------------------------------------------------------------------------------
Finished Final Netlist Cleanup
---------------------------------------------------------------------------------
WARNING: [Synth 8-3295] tying undriven pin u_fine_counter/delay_chain_a_inferred:in0[0] to constant 0
WARNING: [Synth 8-3295] tying undriven pin u_fine_counter/delay_chain_b_inferred:in0[0] to constant 0
---------------------------------------------------------------------------------
Finished IO Insertion : Time (s): cpu = 00:00:21 ; elapsed = 00:00:22 . Memory (MB): peak = 1326.594 ; gain = 187.867
---------------------------------------------------------------------------------
---------------------------------------------------------------------------------
Start Renaming Generated Instances
---------------------------------------------------------------------------------
---------------------------------------------------------------------------------
Finished Renaming Generated Instances : Time (s): cpu = 00:00:21 ; elapsed = 00:00:22 . Memory (MB): peak = 1326.594 ; gain = 187.867
---------------------------------------------------------------------------------
---------------------------------------------------------------------------------
Start Rebuilding User Hierarchy
---------------------------------------------------------------------------------
---------------------------------------------------------------------------------
Finished Rebuilding User Hierarchy : Time (s): cpu = 00:00:21 ; elapsed = 00:00:22 . Memory (MB): peak = 1326.594 ; gain = 187.867
---------------------------------------------------------------------------------
---------------------------------------------------------------------------------
Start Renaming Generated Ports
---------------------------------------------------------------------------------
---------------------------------------------------------------------------------
Finished Renaming Generated Ports : Time (s): cpu = 00:00:21 ; elapsed = 00:00:22 . Memory (MB): peak = 1326.594 ; gain = 187.867
---------------------------------------------------------------------------------
---------------------------------------------------------------------------------
Start Handling Custom Attributes
---------------------------------------------------------------------------------
---------------------------------------------------------------------------------
Finished Handling Custom Attributes : Time (s): cpu = 00:00:21 ; elapsed = 00:00:22 . Memory (MB): peak = 1326.594 ; gain = 187.867
---------------------------------------------------------------------------------
---------------------------------------------------------------------------------
Start Renaming Generated Nets
---------------------------------------------------------------------------------
---------------------------------------------------------------------------------
Finished Renaming Generated Nets : Time (s): cpu = 00:00:21 ; elapsed = 00:00:22 . Memory (MB): peak = 1326.594 ; gain = 187.867
---------------------------------------------------------------------------------
---------------------------------------------------------------------------------
Start Writing Synthesis Report
---------------------------------------------------------------------------------

Report BlackBoxes: 
+------+-----------------+----------+
|      |BlackBox name    |Instances |
+------+-----------------+----------+
|1     |mmcm_50m_to_400m |         1|
+------+-----------------+----------+

Report Cell Usage: 
+------+-----------------+------+
|      |Cell             |Count |
+------+-----------------+------+
|1     |mmcm_50m_to_400m |     1|
|2     |CARRY4           |    80|
|3     |LUT1             |     4|
|4     |LUT2             |     2|
|5     |LUT4             |     4|
|6     |LUT5             |     8|
|7     |LUT6             |     6|
|8     |ODDR             |     1|
|9     |FDCE             |   340|
|10    |FDPE             |     1|
|11    |IBUF             |     1|
+------+-----------------+------+
---------------------------------------------------------------------------------
Finished Writing Synthesis Report : Time (s): cpu = 00:00:21 ; elapsed = 00:00:22 . Memory (MB): peak = 1326.594 ; gain = 187.867
---------------------------------------------------------------------------------
Synthesis finished with 0 errors, 0 critical warnings and 2 warnings.
Synthesis Optimization Runtime : Time (s): cpu = 00:00:13 ; elapsed = 00:00:20 . Memory (MB): peak = 1326.594 ; gain = 83.934
Synthesis Optimization Complete : Time (s): cpu = 00:00:22 ; elapsed = 00:00:23 . Memory (MB): peak = 1326.594 ; gain = 187.867
INFO: [Project 1-571] Translating synthesized netlist
Netlist sorting complete. Time (s): cpu = 00:00:00 ; elapsed = 00:00:00.005 . Memory (MB): peak = 1326.594 ; gain = 0.000
INFO: [Netlist 29-17] Analyzing 81 Unisim elements for replacement
INFO: [Netlist 29-28] Unisim Transformation completed in 0 CPU seconds
INFO: [Project 1-570] Preparing netlist for logic optimization
INFO: [Opt 31-138] Pushed 0 inverter(s) to 0 load pin(s).
Netlist sorting complete. Time (s): cpu = 00:00:00 ; elapsed = 00:00:00 . Memory (MB): peak = 1341.340 ; gain = 0.000
INFO: [Project 1-111] Unisim Transformation Summary:
No Unisim elements were transformed.

INFO: [Common 17-83] Releasing license: Synthesis
28 Infos, 2 Warnings, 0 Critical Warnings and 0 Errors encountered.
synth_design completed successfully
synth_design: Time (s): cpu = 00:00:26 ; elapsed = 00:00:30 . Memory (MB): peak = 1341.340 ; gain = 202.613
INFO: [Common 17-1381] The checkpoint 'D:/01-Codes/XilinxCode/Vernier_tdc/combine_fine_pwm_gen/prj/combine_fine_pwm_gen.runs/synth_1/top_test.dcp' has been generated.
INFO: [runtcl-4] Executing : report_utilization -file top_test_utilization_synth.rpt -pb top_test_utilization_synth.pb
INFO: [Common 17-206] Exiting Vivado at Thu Apr  2 16:54:33 2026...
