Vivado Simulator 2020.2
Time resolution is 1 ps
[0 ps] PWM 下降沿触发
[10000 ps] 复位释放，开始 TDC 极窄脉宽测试
=================================================
[10000 ps] 开始极窄脉宽测试序列
测试参数：脉宽范围 300-2400 ps，相位偏移 10-2490 ps

=== 测试序列1：基础极窄脉冲测试 ===
[10000 ps] 产生极窄脉冲 -> 真实起始相位: 841 ps, 真实脉宽: 1951 ps
[10841 ps] PWM 上升沿触发
[10841 ps] 相位覆盖率更新: 已覆盖 1/250 个相位区间
[12792 ps] PWM 下降沿触发
[20292 ps] 产生极窄脉冲 -> 真实起始相位: 454 ps, 真实脉宽: 1084 ps
[20746 ps] PWM 上升沿触发
[20746 ps] 相位覆盖率更新: 已覆盖 2/250 个相位区间
[21830 ps] PWM 下降沿触发
[29330 ps] 产生极窄脉冲 -> 真实起始相位: 1559 ps, 真实脉宽: 1266 ps
[30889 ps] PWM 上升沿触发
[30889 ps] 相位覆盖率更新: 已覆盖 3/250 个相位区间
[32155 ps] PWM 下降沿触发
[37155 ps] 产生极窄脉冲 -> 真实起始相位: 2365 ps, 真实脉宽: 1386 ps
[39520 ps] PWM 上升沿触发
[39520 ps] 相位覆盖率更新: 已覆盖 4/250 个相位区间
[40906 ps] PWM 下降沿触发
[48406 ps] 产生极窄脉冲 -> 真实起始相位: 2009 ps, 真实脉宽: 1635 ps
[50415 ps] PWM 上升沿触发
[50415 ps] 相位覆盖率更新: 已覆盖 5/250 个相位区间
[52050 ps] PWM 下降沿触发
[64550 ps] 产生极窄脉冲 -> 真实起始相位: 1154 ps, 真实脉宽: 432 ps
[65704 ps] PWM 上升沿触发
[65704 ps] 相位覆盖率更新: 已覆盖 6/250 个相位区间
[66136 ps] PWM 下降沿触发
[73636 ps] 产生极窄脉冲 -> 真实起始相位: 760 ps, 真实脉宽: 1567 ps
[74396 ps] PWM 上升沿触发
[74396 ps] 相位覆盖率更新: 已覆盖 7/250 个相位区间
[75963 ps] PWM 下降沿触发
[88463 ps] 产生极窄脉冲 -> 真实起始相位: 1762 ps, 真实脉宽: 2292 ps
[90225 ps] PWM 上升沿触发
[90225 ps] 相位覆盖率更新: 已覆盖 8/250 个相位区间
[92517 ps] PWM 下降沿触发
[95017 ps] 产生极窄脉冲 -> 真实起始相位: 524 ps, 真实脉宽: 2129 ps
[95541 ps] PWM 上升沿触发
[95541 ps] 相位覆盖率更新: 已覆盖 9/250 个相位区间
[97670 ps] PWM 下降沿触发
[110170 ps] 产生极窄脉冲 -> 真实起始相位: 131 ps, 真实脉宽: 1512 ps
[110301 ps] PWM 上升沿触发
[110301 ps] 相位覆盖率更新: 已覆盖 10/250 个相位区间
[111813 ps] PWM 下降沿触发
[124313 ps] 产生极窄脉冲 -> 真实起始相位: 197 ps, 真实脉宽: 1650 ps
[124510 ps] PWM 上升沿触发
[124510 ps] 相位覆盖率更新: 已覆盖 11/250 个相位区间
[126160 ps] PWM 下降沿触发
[136160 ps] 产生极窄脉冲 -> 真实起始相位: 1954 ps, 真实脉宽: 2148 ps
[138114 ps] PWM 上升沿触发
[138114 ps] 相位覆盖率更新: 已覆盖 12/250 个相位区间
[140262 ps] PWM 下降沿触发
[145262 ps] 产生极窄脉冲 -> 真实起始相位: 1750 ps, 真实脉宽: 1191 ps
[147012 ps] PWM 上升沿触发
[147012 ps] 相位覆盖率更新: 已覆盖 13/250 个相位区间
[148203 ps] PWM 下降沿触发
[153203 ps] 产生极窄脉冲 -> 真实起始相位: 1702 ps, 真实脉宽: 524 ps
[154905 ps] PWM 上升沿触发
[154905 ps] 相位覆盖率更新: 已覆盖 14/250 个相位区间
[155429 ps] PWM 下降沿触发
[157929 ps] 产生极窄脉冲 -> 真实起始相位: 784 ps, 真实脉宽: 1002 ps
[158713 ps] PWM 上升沿触发
[158713 ps] 相位覆盖率更新: 已覆盖 15/250 个相位区间
[159715 ps] PWM 下降沿触发
[164715 ps] 产生极窄脉冲 -> 真实起始相位: 264 ps, 真实脉宽: 1005 ps
[164979 ps] PWM 上升沿触发
[164979 ps] 相位覆盖率更新: 已覆盖 16/250 个相位区间
[165984 ps] PWM 下降沿触发
[168484 ps] 产生极窄脉冲 -> 真实起始相位: 1016 ps, 真实脉宽: 633 ps
[169500 ps] PWM 上升沿触发
[169500 ps] 相位覆盖率更新: 已覆盖 17/250 个相位区间
[170133 ps] PWM 下降沿触发
[175133 ps] 产生极窄脉冲 -> 真实起始相位: 2039 ps, 真实脉宽: 1895 ps
[177172 ps] PWM 上升沿触发
[177172 ps] 相位覆盖率更新: 已覆盖 18/250 个相位区间
[179067 ps] PWM 下降沿触发
[191567 ps] 产生极窄脉冲 -> 真实起始相位: 85 ps, 真实脉宽: 1792 ps
[191652 ps] PWM 上升沿触发
[191652 ps] 相位覆盖率更新: 已覆盖 19/250 个相位区间
[193444 ps] PWM 下降沿触发
[200944 ps] 产生极窄脉冲 -> 真实起始相位: 1504 ps, 真实脉宽: 1225 ps
[202448 ps] PWM 上升沿触发
[202448 ps] 相位覆盖率更新: 已覆盖 20/250 个相位区间
[203673 ps] PWM 下降沿触发

=== 测试序列2：极限死区情况测试 ===
[208673 ps] 产生极窄脉冲 -> 真实起始相位: 2494 ps, 真实脉宽: 2464 ps
[211167 ps] PWM 上升沿触发
[211167 ps] 相位覆盖率更新: 已覆盖 21/250 个相位区间
[213631 ps] PWM 下降沿触发
Error: [213631 ps] 脉宽超出最大限制: 2464 ps > 2400 ps
Time: 213631 ps  Iteration: 0  Process: /tb_tdc_narrow_pulse/Always218_8  Scope: tb_tdc_narrow_pulse  File: D:/01-Codes/XilinxCode/Vernier_tdc/fine_cnt/sim/tb_tdc_narrow_pulse.v Line: 225
[216131 ps] 产生极窄脉冲 -> 真实起始相位: 2441 ps, 真实脉宽: 2333 ps
[218572 ps] PWM 上升沿触发
[218572 ps] 相位覆盖率更新: 已覆盖 22/250 个相位区间
[220905 ps] PWM 下降沿触发
[225905 ps] 产生极窄脉冲 -> 真实起始相位: 2494 ps, 真实脉宽: 2391 ps
[228399 ps] PWM 上升沿触发
[230790 ps] PWM 下降沿触发
[233290 ps] 产生极窄脉冲 -> 真实起始相位: 2453 ps, 真实脉宽: 2401 ps
[235743 ps] PWM 上升沿触发
[235743 ps] 相位覆盖率更新: 已覆盖 23/250 个相位区间
[238144 ps] PWM 下降沿触发
Error: [238144 ps] 脉宽超出最大限制: 2401 ps > 2400 ps
Time: 238144 ps  Iteration: 0  Process: /tb_tdc_narrow_pulse/Always218_8  Scope: tb_tdc_narrow_pulse  File: D:/01-Codes/XilinxCode/Vernier_tdc/fine_cnt/sim/tb_tdc_narrow_pulse.v Line: 225
[243144 ps] 产生极窄脉冲 -> 真实起始相位: 2448 ps, 真实脉宽: 2334 ps
[245592 ps] PWM 上升沿触发
[247926 ps] PWM 下降沿触发
[252926 ps] 产生极窄脉冲 -> 真实起始相位: 2420 ps, 真实脉宽: 2355 ps
[255346 ps] PWM 上升沿触发
[255346 ps] 相位覆盖率更新: 已覆盖 24/250 个相位区间
[257701 ps] PWM 下降沿触发
[262701 ps] 产生极窄脉冲 -> 真实起始相位: 2464 ps, 真实脉宽: 2443 ps
[265165 ps] PWM 上升沿触发
[265165 ps] 相位覆盖率更新: 已覆盖 25/250 个相位区间
[267608 ps] PWM 下降沿触发
Error: [267608 ps] 脉宽超出最大限制: 2443 ps > 2400 ps
Time: 267608 ps  Iteration: 0  Process: /tb_tdc_narrow_pulse/Always218_8  Scope: tb_tdc_narrow_pulse  File: D:/01-Codes/XilinxCode/Vernier_tdc/fine_cnt/sim/tb_tdc_narrow_pulse.v Line: 225
[275108 ps] 产生极窄脉冲 -> 真实起始相位: 2461 ps, 真实脉宽: 2397 ps
[277569 ps] PWM 上升沿触发
[279966 ps] PWM 下降沿触发
[282466 ps] 产生极窄脉冲 -> 真实起始相位: 2445 ps, 真实脉宽: 2371 ps
[284911 ps] PWM 上升沿触发
[287282 ps] PWM 下降沿触发
[294782 ps] 产生极窄脉冲 -> 真实起始相位: 2414 ps, 真实脉宽: 2464 ps
[297196 ps] PWM 上升沿触发
[297196 ps] 相位覆盖率更新: 已覆盖 26/250 个相位区间
[299660 ps] PWM 下降沿触发
Error: [299660 ps] 脉宽超出最大限制: 2464 ps > 2400 ps
Time: 299660 ps  Iteration: 0  Process: /tb_tdc_narrow_pulse/Always218_8  Scope: tb_tdc_narrow_pulse  File: D:/01-Codes/XilinxCode/Vernier_tdc/fine_cnt/sim/tb_tdc_narrow_pulse.v Line: 225
[302160 ps] 产生极窄脉冲 -> 真实起始相位: 2425 ps, 真实脉宽: 2331 ps
[304585 ps] PWM 上升沿触发
[304585 ps] 相位覆盖率更新: 已覆盖 27/250 个相位区间
[306916 ps] PWM 下降沿触发
[309416 ps] 产生极窄脉冲 -> 真实起始相位: 2441 ps, 真实脉宽: 2362 ps
[311857 ps] PWM 上升沿触发
[314219 ps] PWM 下降沿触发
[321719 ps] 产生极窄脉冲 -> 真实起始相位: 2475 ps, 真实脉宽: 2339 ps
[324194 ps] PWM 上升沿触发
[324194 ps] 相位覆盖率更新: 已覆盖 28/250 个相位区间
[326533 ps] PWM 下降沿触发
[331533 ps] 产生极窄脉冲 -> 真实起始相位: 2443 ps, 真实脉宽: 2364 ps
[333976 ps] PWM 上升沿触发
[336340 ps] PWM 下降沿触发
[343840 ps] 产生极窄脉冲 -> 真实起始相位: 2410 ps, 真实脉宽: 2363 ps
[346250 ps] PWM 上升沿触发
[348613 ps] PWM 下降沿触发

=== 测试序列3：极小脉宽测试 ===
[351113 ps] 产生极窄脉冲 -> 真实起始相位: 1883 ps, 真实脉宽: 442 ps
[352996 ps] PWM 上升沿触发
[352996 ps] 相位覆盖率更新: 已覆盖 29/250 个相位区间
[353438 ps] PWM 下降沿触发
[355938 ps] 产生极窄脉冲 -> 真实起始相位: 1072 ps, 真实脉宽: 458 ps
[357010 ps] PWM 上升沿触发
[357010 ps] 相位覆盖率更新: 已覆盖 30/250 个相位区间
[357468 ps] PWM 下降沿触发
[367468 ps] 产生极窄脉冲 -> 真实起始相位: 286 ps, 真实脉宽: 475 ps
[367754 ps] PWM 上升沿触发
[367754 ps] 相位覆盖率更新: 已覆盖 31/250 个相位区间
[368229 ps] PWM 下降沿触发
[378229 ps] 产生极窄脉冲 -> 真实起始相位: 2245 ps, 真实脉宽: 422 ps
[380474 ps] PWM 上升沿触发
[380474 ps] 相位覆盖率更新: 已覆盖 32/250 个相位区间
[380896 ps] PWM 下降沿触发
[390896 ps] 产生极窄脉冲 -> 真实起始相位: 1214 ps, 真实脉宽: 323 ps
[392110 ps] PWM 上升沿触发
[392110 ps] 相位覆盖率更新: 已覆盖 33/250 个相位区间
[392433 ps] PWM 下降沿触发
[399933 ps] 产生极窄脉冲 -> 真实起始相位: 501 ps, 真实脉宽: 308 ps
[400434 ps] PWM 上升沿触发
[400434 ps] 相位覆盖率更新: 已覆盖 34/250 个相位区间
[400742 ps] PWM 下降沿触发
[408242 ps] 产生极窄脉冲 -> 真实起始相位: 1658 ps, 真实脉宽: 356 ps
[409900 ps] PWM 上升沿触发
[409900 ps] 相位覆盖率更新: 已覆盖 35/250 个相位区间
[410256 ps] PWM 下降沿触发
[420256 ps] 产生极窄脉冲 -> 真实起始相位: 488 ps, 真实脉宽: 423 ps
[420744 ps] PWM 上升沿触发
[420744 ps] 相位覆盖率更新: 已覆盖 36/250 个相位区间
[421167 ps] PWM 下降沿触发
[423667 ps] 产生极窄脉冲 -> 真实起始相位: 2056 ps, 真实脉宽: 326 ps
[425723 ps] PWM 上升沿触发
[425723 ps] 相位覆盖率更新: 已覆盖 37/250 个相位区间
[426049 ps] PWM 下降沿触发
[433549 ps] 产生极窄脉冲 -> 真实起始相位: 2067 ps, 真实脉宽: 311 ps
[435616 ps] PWM 上升沿触发
[435616 ps] 相位覆盖率更新: 已覆盖 38/250 个相位区间
[435927 ps] PWM 下降沿触发
[440927 ps] 产生极窄脉冲 -> 真实起始相位: 828 ps, 真实脉宽: 336 ps
[441755 ps] PWM 上升沿触发
[441755 ps] 相位覆盖率更新: 已覆盖 39/250 个相位区间
[442091 ps] PWM 下降沿触发
[449591 ps] 产生极窄脉冲 -> 真实起始相位: 2282 ps, 真实脉宽: 380 ps
[451873 ps] PWM 上升沿触发
[451873 ps] 相位覆盖率更新: 已覆盖 40/250 个相位区间
[452253 ps] PWM 下降沿触发
[459753 ps] 产生极窄脉冲 -> 真实起始相位: 1324 ps, 真实脉宽: 421 ps
[461077 ps] PWM 上升沿触发
[461077 ps] 相位覆盖率更新: 已覆盖 41/250 个相位区间
[461498 ps] PWM 下降沿触发
[463998 ps] 产生极窄脉冲 -> 真实起始相位: 695 ps, 真实脉宽: 352 ps
[464693 ps] PWM 上升沿触发
[464693 ps] 相位覆盖率更新: 已覆盖 42/250 个相位区间
[465045 ps] PWM 下降沿触发
[467545 ps] 产生极窄脉冲 -> 真实起始相位: 1720 ps, 真实脉宽: 394 ps
[469265 ps] PWM 上升沿触发
[469265 ps] 相位覆盖率更新: 已覆盖 43/250 个相位区间
[469659 ps] PWM 下降沿触发

=== 测试序列4：边界条件测试 ===
[474659 ps] 产生极窄脉冲 -> 真实起始相位: 10 ps, 真实脉宽: 300 ps
[474669 ps] PWM 上升沿触发
[474669 ps] 相位覆盖率更新: 已覆盖 44/250 个相位区间
[474969 ps] PWM 下降沿触发
[479969 ps] 产生极窄脉冲 -> 真实起始相位: 2490 ps, 真实脉宽: 2400 ps
[482459 ps] PWM 上升沿触发
[484859 ps] PWM 下降沿触发
[489859 ps] 产生极窄脉冲 -> 真实起始相位: 1250 ps, 真实脉宽: 1350 ps
[491109 ps] PWM 上升沿触发
[491109 ps] 相位覆盖率更新: 已覆盖 45/250 个相位区间
[492459 ps] PWM 下降沿触发

[497459 ps] 所有测试序列完成
=================================================
[517459 ps] 仿真结束
$finish called at time : 517459 ps : File "D:/01-Codes/XilinxCode/Vernier_tdc/fine_cnt/sim/tb_tdc_narrow_pulse.v" Line 189
